release/apk/manifest-merger-release-report.txt
-- Merging decision tree log ---
manifest
ADDED from AndroidManifest.xml:2:1
	xmlns:android
		ADDED from AndroidManifest.xml:2:11
	package
		ADDED from AndroidManifest.xml:3:5
		INJECTED from AndroidManifest.xml:0:0
		INJECTED from AndroidManifest.xml:0:0
	android:versionName
		INJECTED from AndroidManifest.xml:0:0
		INJECTED from AndroidManifest.xml:0:0
	android:versionCode
		INJECTED from AndroidManifest.xml:0:0
		INJECTED from AndroidManifest.xml:0:0
uses-permission#android.permission.ACCESS_FINE_LOCATION
ADDED from AndroidManifest.xml:5:5
	android:name
		ADDED from AndroidManifest.xml:5:22
uses-permission#android.permission.ACCESS_COARSE_LOCATION
ADDED from AndroidManifest.xml:6:5
	android:name
		ADDED from AndroidManifest.xml:6:22
uses-permission#android.permission.ACCESS_NETWORK_STATE
ADDED from AndroidManifest.xml:7:5
	android:name
		ADDED from AndroidManifest.xml:7:22
uses-permission#android.permission.ACCESS_WIFI_STATE
ADDED from AndroidManifest.xml:8:5
	android:name
		ADDED from AndroidManifest.xml:8:22
uses-permission#android.permission.INTERNET
ADDED from AndroidManifest.xml:9:5
	android:name
		ADDED from AndroidManifest.xml:9:22
uses-permission#android.permission.CALL_PHONE
ADDED from AndroidManifest.xml:10:5
	android:name
		ADDED from AndroidManifest.xml:10:22
uses-permission#android.permission.WRITE_EXTERNAL_STORAGE
ADDED from AndroidManifest.xml:11:5
	android:name
		ADDED from AndroidManifest.xml:11:22
uses-feature#0x00020000
ADDED from AndroidManifest.xml:13:5
	android:required
		ADDED from AndroidManifest.xml:15:9
	android:glEsVersion
		ADDED from AndroidManifest.xml:14:9
uses-feature#android.hardware.location
ADDED from AndroidManifest.xml:16:5
	android:required
		ADDED from AndroidManifest.xml:18:9
	android:name
		ADDED from AndroidManifest.xml:17:9
uses-feature#android.hardware.location.gps
ADDED from AndroidManifest.xml:19:5
	android:required
		ADDED from AndroidManifest.xml:21:9
	android:name
		ADDED from AndroidManifest.xml:20:9
application
ADDED from AndroidManifest.xml:23:5
MERGED from com.android.support:support-v4:21.0.2:16:5
MERGED from com.github.johnkil.print:print:1.2.1:12:5
MERGED from pl.charmas.android:android-reactive-location:0.3:9:5
MERGED from com.balysv.materialmenu:material-menu:1.5.0:12:5
MERGED from com.android.support:support-v4:21.0.2:16:5
MERGED from com.timehop.fragmentswitcher:library:1.1.2:11:5
MERGED from com.android.support:support-v4:21.0.2:16:5
MERGED from com.google.maps.android:android-maps-utils:0.3.4:7:5
MERGED from com.google.android.gms:play-services:6.1.11:16:5
MERGED from com.android.support:support-v4:21.0.2:16:5
	android:label
		ADDED from AndroidManifest.xml:27:9
	android:allowBackup
		ADDED from AndroidManifest.xml:25:9
	android:icon
		ADDED from AndroidManifest.xml:26:9
	android:theme
		ADDED from AndroidManifest.xml:28:9
	android:name
		ADDED from AndroidManifest.xml:24:9
activity#com.media2359.jktmalls.activities.SplashActivity
ADDED from AndroidManifest.xml:29:9
	android:label
		ADDED from AndroidManifest.xml:31:13
	android:theme
		ADDED from AndroidManifest.xml:32:13
	android:name
		ADDED from AndroidManifest.xml:30:13
intent-filter#android.intent.action.MAIN+android.intent.category.LAUNCHER
ADDED from AndroidManifest.xml:33:13
action#android.intent.action.MAIN
ADDED from AndroidManifest.xml:34:17
	android:name
		ADDED from AndroidManifest.xml:34:25
category#android.intent.category.LAUNCHER
ADDED from AndroidManifest.xml:36:17
	android:name
		ADDED from AndroidManifest.xml:36:27
activity#com.media2359.jktmalls.activities.MainActivity
ADDED from AndroidManifest.xml:39:9
	android:screenOrientation
		ADDED from AndroidManifest.xml:41:13
	android:name
		ADDED from AndroidManifest.xml:40:13
activity#com.media2359.jktmalls.activities.MallActivity
ADDED from AndroidManifest.xml:42:9
	android:windowSoftInputMode
		ADDED from AndroidManifest.xml:44:13
	android:screenOrientation
		ADDED from AndroidManifest.xml:45:13
	android:name
		ADDED from AndroidManifest.xml:43:13
activity#com.media2359.jktmalls.activities.TenantDetailActivity
ADDED from AndroidManifest.xml:46:9
	android:screenOrientation
		ADDED from AndroidManifest.xml:48:13
	android:name
		ADDED from AndroidManifest.xml:47:13
provider#com.media2359.jktmalls.repository.provider.MallsProvider
ADDED from AndroidManifest.xml:50:9
	android:multiprocess
		ADDED from AndroidManifest.xml:54:13
	android:exported
		ADDED from AndroidManifest.xml:53:13
	android:authorities
		ADDED from AndroidManifest.xml:52:13
	android:name
		ADDED from AndroidManifest.xml:51:13
provider#com.media2359.jktmalls.repository.provider.TenantsProvider
ADDED from AndroidManifest.xml:55:9
	android:multiprocess
		ADDED from AndroidManifest.xml:59:13
	android:exported
		ADDED from AndroidManifest.xml:58:13
	android:authorities
		ADDED from AndroidManifest.xml:57:13
	android:name
		ADDED from AndroidManifest.xml:56:13
provider#com.media2359.jktmalls.repository.provider.CategoriesProvider
ADDED from AndroidManifest.xml:60:9
	android:multiprocess
		ADDED from AndroidManifest.xml:64:13
	android:exported
		ADDED from AndroidManifest.xml:63:13
	android:authorities
		ADDED from AndroidManifest.xml:62:13
	android:name
		ADDED from AndroidManifest.xml:61:13
meta-data#com.crashlytics.ApiKey
ADDED from AndroidManifest.xml:66:9
	android:name
		ADDED from AndroidManifest.xml:67:13
	android:value
		ADDED from AndroidManifest.xml:68:13
meta-data#com.google.android.gms.version
ADDED from AndroidManifest.xml:69:9
	android:name
		ADDED from AndroidManifest.xml:70:13
	android:value
		ADDED from AndroidManifest.xml:71:13
meta-data#com.google.android.maps.v2.API_KEY
ADDED from AndroidManifest.xml:72:9
	android:name
		ADDED from AndroidManifest.xml:73:13
	android:value
		ADDED from AndroidManifest.xml:74:13
uses-sdk
INJECTED from AndroidManifest.xml:0:0 reason: use-sdk injection requested
MERGED from com.android.support:support-v4:21.0.2:15:5
MERGED from com.github.johnkil.print:print:1.2.1:8:5
MERGED from pl.charmas.android:android-reactive-location:0.3:5:5
MERGED from com.balysv.materialmenu:material-menu:1.5.0:8:5
MERGED from JKTMalls2:slidingmenu:unspecified:7:5
MERGED from com.android.support:support-v4:21.0.2:15:5
MERGED from com.timehop.fragmentswitcher:library:1.1.2:7:5
MERGED from com.android.support:support-v4:21.0.2:15:5
MERGED from com.norbsoft.typefacehelper:library:0.9.0:8:5
MERGED from fr.avianey.com.viewpagerindicator:library:2.4.1:8:5
MERGED from com.google.maps.android:android-maps-utils:0.3.4:5:5
MERGED from com.google.android.gms:play-services:6.1.11:15:5
MERGED from com.android.support:support-v4:21.0.2:15:5
	android:targetSdkVersion
		INJECTED from AndroidManifest.xml:0:0
		INJECTED from AndroidManifest.xml:0:0
	android:minSdkVersion
		INJECTED from AndroidManifest.xml:0:0
		INJECTED from AndroidManifest.xml:0:0